mode: set
realworld-backend/articles/models.go:54.70,56.23 2 0
realworld-backend/articles/models.go:56.23,58.3 1 0
realworld-backend/articles/models.go:59.2,64.25 4 0
realworld-backend/articles/models.go:67.51,74.2 4 0
realworld-backend/articles/models.go:76.70,84.2 4 0
realworld-backend/articles/models.go:86.69,94.2 4 0
realworld-backend/articles/models.go:96.71,103.2 3 0
realworld-backend/articles/models.go:105.38,109.2 3 0
realworld-backend/articles/models.go:111.66,121.2 9 0
realworld-backend/articles/models.go:123.47,127.34 4 0
realworld-backend/articles/models.go:127.34,130.3 2 0
realworld-backend/articles/models.go:131.2,132.12 2 0
realworld-backend/articles/models.go:135.39,140.2 4 0
realworld-backend/articles/models.go:142.97,148.16 5 0
realworld-backend/articles/models.go:148.16,150.3 1 0
realworld-backend/articles/models.go:152.2,153.16 2 0
realworld-backend/articles/models.go:153.16,155.3 1 0
realworld-backend/articles/models.go:157.2,158.15 2 0
realworld-backend/articles/models.go:158.15,161.23 3 0
realworld-backend/articles/models.go:161.23,164.4 2 0
realworld-backend/articles/models.go:165.8,165.25 1 0
realworld-backend/articles/models.go:165.25,170.31 4 0
realworld-backend/articles/models.go:170.31,173.4 2 0
realworld-backend/articles/models.go:174.8,174.28 1 0
realworld-backend/articles/models.go:174.28,178.31 4 0
realworld-backend/articles/models.go:178.31,185.44 4 0
realworld-backend/articles/models.go:185.44,189.5 3 0
realworld-backend/articles/models.go:191.8,194.3 2 0
realworld-backend/articles/models.go:196.2,196.27 1 0
realworld-backend/articles/models.go:196.27,200.3 3 0
realworld-backend/articles/models.go:201.2,202.27 2 0
realworld-backend/articles/models.go:205.97,211.16 5 1
realworld-backend/articles/models.go:211.16,213.3 1 0
realworld-backend/articles/models.go:214.2,215.16 2 1
realworld-backend/articles/models.go:215.16,217.3 1 0
realworld-backend/articles/models.go:219.2,222.39 4 1
realworld-backend/articles/models.go:222.39,225.3 2 0
realworld-backend/articles/models.go:227.2,229.27 2 1
realworld-backend/articles/models.go:229.27,233.3 3 0
realworld-backend/articles/models.go:234.2,235.27 2 1
realworld-backend/articles/models.go:238.57,241.27 3 0
realworld-backend/articles/models.go:241.27,244.17 3 0
realworld-backend/articles/models.go:244.17,246.4 1 0
realworld-backend/articles/models.go:247.3,247.38 1 0
realworld-backend/articles/models.go:249.2,250.12 2 0
realworld-backend/articles/models.go:253.59,257.2 3 0
realworld-backend/articles/models.go:259.54,263.2 3 1
realworld-backend/articles/models.go:265.54,269.2 3 0
realworld-backend/articles/routers.go:12.48,20.2 7 0
realworld-backend/articles/routers.go:22.57,26.2 3 0
realworld-backend/articles/routers.go:28.53,30.2 1 0
realworld-backend/articles/routers.go:32.36,34.54 2 0
realworld-backend/articles/routers.go:34.54,37.3 2 0
realworld-backend/articles/routers.go:40.2,40.69 1 0
realworld-backend/articles/routers.go:40.69,43.3 2 0
realworld-backend/articles/routers.go:44.2,45.69 2 0
realworld-backend/articles/routers.go:48.34,56.16 7 0
realworld-backend/articles/routers.go:56.16,59.3 2 0
realworld-backend/articles/routers.go:60.2,61.94 2 0
realworld-backend/articles/routers.go:64.34,68.25 4 0
realworld-backend/articles/routers.go:68.25,71.3 2 0
realworld-backend/articles/routers.go:72.2,74.16 3 0
realworld-backend/articles/routers.go:74.16,77.3 2 0
realworld-backend/articles/routers.go:78.2,79.94 2 0
realworld-backend/articles/routers.go:82.38,84.20 2 0
realworld-backend/articles/routers.go:84.20,87.3 2 0
realworld-backend/articles/routers.go:88.2,89.16 2 0
realworld-backend/articles/routers.go:89.16,92.3 2 0
realworld-backend/articles/routers.go:93.2,94.64 2 0
realworld-backend/articles/routers.go:97.36,100.16 3 0
realworld-backend/articles/routers.go:100.16,103.3 2 0
realworld-backend/articles/routers.go:104.2,105.54 2 0
realworld-backend/articles/routers.go:105.54,108.3 2 0
realworld-backend/articles/routers.go:110.2,111.80 2 0
realworld-backend/articles/routers.go:111.80,114.3 2 0
realworld-backend/articles/routers.go:115.2,116.64 2 0
realworld-backend/articles/routers.go:119.36,122.16 3 0
realworld-backend/articles/routers.go:122.16,125.3 2 0
realworld-backend/articles/routers.go:126.2,126.59 1 0
realworld-backend/articles/routers.go:129.38,132.16 3 0
realworld-backend/articles/routers.go:132.16,135.3 2 0
realworld-backend/articles/routers.go:136.2,139.64 4 0
realworld-backend/articles/routers.go:142.40,145.16 3 0
realworld-backend/articles/routers.go:145.16,148.3 2 0
realworld-backend/articles/routers.go:149.2,152.64 4 0
realworld-backend/articles/routers.go:155.43,158.16 3 0
realworld-backend/articles/routers.go:158.16,161.3 2 0
realworld-backend/articles/routers.go:162.2,163.54 2 0
realworld-backend/articles/routers.go:163.54,166.3 2 0
realworld-backend/articles/routers.go:167.2,169.69 2 0
realworld-backend/articles/routers.go:169.69,172.3 2 0
realworld-backend/articles/routers.go:173.2,174.69 2 0
realworld-backend/articles/routers.go:177.43,180.16 3 0
realworld-backend/articles/routers.go:180.16,183.3 2 0
realworld-backend/articles/routers.go:184.2,185.16 2 0
realworld-backend/articles/routers.go:185.16,188.3 2 0
realworld-backend/articles/routers.go:189.2,189.59 1 0
realworld-backend/articles/routers.go:192.41,195.16 3 0
realworld-backend/articles/routers.go:195.16,198.3 2 0
realworld-backend/articles/routers.go:199.2,200.16 2 0
realworld-backend/articles/routers.go:200.16,203.3 2 0
realworld-backend/articles/routers.go:204.2,205.65 2 0
realworld-backend/articles/routers.go:207.30,209.16 2 0
realworld-backend/articles/routers.go:209.16,212.3 2 0
realworld-backend/articles/routers.go:213.2,214.61 2 0
realworld-backend/articles/serializers.go:19.43,21.2 1 0
realworld-backend/articles/serializers.go:23.46,25.29 2 0
realworld-backend/articles/serializers.go:25.29,28.3 2 0
realworld-backend/articles/serializers.go:29.2,29.17 1 0
realworld-backend/articles/serializers.go:37.66,40.2 2 0
realworld-backend/articles/serializers.go:66.56,83.29 5 0
realworld-backend/articles/serializers.go:83.29,86.3 2 0
realworld-backend/articles/serializers.go:87.2,87.17 1 0
realworld-backend/articles/serializers.go:90.59,92.37 2 0
realworld-backend/articles/serializers.go:92.37,95.3 2 0
realworld-backend/articles/serializers.go:96.2,96.17 1 0
realworld-backend/articles/serializers.go:117.56,127.2 3 0
realworld-backend/articles/serializers.go:129.59,131.37 2 0
realworld-backend/articles/serializers.go:131.37,134.3 2 0
realworld-backend/articles/serializers.go:135.2,135.17 1 0
realworld-backend/articles/validators.go:20.55,22.2 1 0
realworld-backend/articles/validators.go:24.88,29.45 5 0
realworld-backend/articles/validators.go:29.45,31.3 1 0
realworld-backend/articles/validators.go:32.2,32.30 1 0
realworld-backend/articles/validators.go:35.60,39.16 3 0
realworld-backend/articles/validators.go:39.16,41.3 1 0
realworld-backend/articles/validators.go:42.2,48.12 7 0
realworld-backend/articles/validators.go:58.55,60.2 1 0
realworld-backend/articles/validators.go:62.60,66.16 3 0
realworld-backend/articles/validators.go:66.16,68.3 1 0
realworld-backend/articles/validators.go:69.2,71.12 3 0
