mode: set
realworld-backend/users/middlewares.go:13.67,15.59 1 1
realworld-backend/users/middlewares.go:15.59,17.3 1 1
realworld-backend/users/middlewares.go:18.2,18.17 1 1
realworld-backend/users/middlewares.go:36.62,38.21 2 1
realworld-backend/users/middlewares.go:38.21,41.3 2 1
realworld-backend/users/middlewares.go:42.2,43.37 2 1
realworld-backend/users/middlewares.go:48.51,49.30 1 1
realworld-backend/users/middlewares.go:49.30,51.115 2 1
realworld-backend/users/middlewares.go:51.115,54.4 2 1
realworld-backend/users/middlewares.go:55.3,55.17 1 1
realworld-backend/users/middlewares.go:55.17,56.15 1 1
realworld-backend/users/middlewares.go:56.15,58.5 1 1
realworld-backend/users/middlewares.go:59.4,59.10 1 1
realworld-backend/users/middlewares.go:61.3,61.68 1 1
realworld-backend/users/middlewares.go:61.68,65.4 2 1
realworld-backend/users/models.go:43.20,48.2 3 1
realworld-backend/users/models.go:54.56,55.24 1 1
realworld-backend/users/models.go:55.24,57.3 1 1
realworld-backend/users/models.go:58.2,62.12 4 1
realworld-backend/users/models.go:67.58,71.2 3 1
realworld-backend/users/models.go:75.60,80.2 4 1
realworld-backend/users/models.go:84.38,88.2 3 1
realworld-backend/users/models.go:92.56,96.2 3 1
realworld-backend/users/models.go:100.49,108.2 4 1
realworld-backend/users/models.go:112.50,120.2 4 1
realworld-backend/users/models.go:124.51,131.2 3 1
realworld-backend/users/models.go:135.48,143.33 6 1
realworld-backend/users/models.go:143.33,147.3 3 1
realworld-backend/users/models.go:148.2,149.19 2 1
realworld-backend/users/routers.go:10.45,13.2 2 1
realworld-backend/users/routers.go:15.44,18.2 2 1
realworld-backend/users/routers.go:20.47,24.2 3 1
realworld-backend/users/routers.go:26.38,29.16 3 1
realworld-backend/users/routers.go:29.16,32.3 2 1
realworld-backend/users/routers.go:33.2,34.71 2 1
realworld-backend/users/routers.go:37.36,40.16 3 1
realworld-backend/users/routers.go:40.16,43.3 2 1
realworld-backend/users/routers.go:44.2,46.16 3 1
realworld-backend/users/routers.go:46.16,49.3 2 1
realworld-backend/users/routers.go:50.2,51.64 2 1
realworld-backend/users/routers.go:54.38,57.16 3 1
realworld-backend/users/routers.go:57.16,60.3 2 1
realworld-backend/users/routers.go:61.2,64.16 3 1
realworld-backend/users/routers.go:64.16,67.3 2 1
realworld-backend/users/routers.go:68.2,69.64 2 1
realworld-backend/users/routers.go:72.40,74.51 2 1
realworld-backend/users/routers.go:74.51,77.3 2 1
realworld-backend/users/routers.go:79.2,79.63 1 1
realworld-backend/users/routers.go:79.63,82.3 2 1
realworld-backend/users/routers.go:83.2,85.66 3 1
realworld-backend/users/routers.go:88.33,90.47 2 1
realworld-backend/users/routers.go:90.47,93.3 2 1
realworld-backend/users/routers.go:94.2,96.16 2 1
realworld-backend/users/routers.go:96.16,99.3 2 1
realworld-backend/users/routers.go:101.2,101.66 1 1
realworld-backend/users/routers.go:101.66,104.3 2 1
realworld-backend/users/routers.go:105.2,107.61 3 1
realworld-backend/users/routers.go:110.35,113.2 2 1
realworld-backend/users/routers.go:115.33,118.51 3 1
realworld-backend/users/routers.go:118.51,121.3 2 1
realworld-backend/users/routers.go:123.2,124.73 2 1
realworld-backend/users/routers.go:124.73,127.3 2 1
realworld-backend/users/routers.go:128.2,130.61 3 1
realworld-backend/users/serializers.go:24.59,34.2 3 1
realworld-backend/users/serializers.go:48.53,58.2 3 1
realworld-backend/users/validators.go:26.60,28.16 2 1
realworld-backend/users/validators.go:28.16,30.3 1 1
realworld-backend/users/validators.go:31.2,35.51 4 1
realworld-backend/users/validators.go:35.51,37.3 1 1
realworld-backend/users/validators.go:38.2,38.27 1 1
realworld-backend/users/validators.go:38.27,40.3 1 1
realworld-backend/users/validators.go:41.2,41.12 1 1
realworld-backend/users/validators.go:45.49,49.2 2 1
realworld-backend/users/validators.go:51.76,58.28 6 1
realworld-backend/users/validators.go:58.28,60.3 1 1
realworld-backend/users/validators.go:61.2,61.27 1 1
realworld-backend/users/validators.go:72.56,74.16 2 1
realworld-backend/users/validators.go:74.16,76.3 1 1
realworld-backend/users/validators.go:78.2,79.12 2 1
realworld-backend/users/validators.go:83.41,86.2 2 1
realworld-backend/hello.go:15.27,22.2 6 0
realworld-backend/hello.go:24.13,54.41 16 0
realworld-backend/hello.go:54.41,58.3 1 0
realworld-backend/hello.go:61.2,81.9 6 0
realworld-backend/common/database.go:17.22,19.16 2 1
realworld-backend/common/database.go:19.16,21.3 1 1
realworld-backend/common/database.go:22.2,25.11 3 1
realworld-backend/common/database.go:29.28,31.16 2 1
realworld-backend/common/database.go:31.16,33.3 1 1
realworld-backend/common/database.go:34.2,37.11 4 1
realworld-backend/common/database.go:41.41,45.2 3 1
realworld-backend/common/database.go:48.23,50.2 1 1
realworld-backend/common/utils.go:19.31,21.19 2 1
realworld-backend/common/utils.go:21.19,23.3 1 1
realworld-backend/common/utils.go:24.2,24.18 1 1
realworld-backend/common/utils.go:32.31,42.2 4 1
realworld-backend/common/utils.go:52.47,56.25 4 1
realworld-backend/common/utils.go:56.25,59.22 1 1
realworld-backend/common/utils.go:59.22,61.4 1 1
realworld-backend/common/utils.go:61.9,63.4 1 1
realworld-backend/common/utils.go:66.2,66.12 1 1
realworld-backend/common/utils.go:70.50,75.2 4 1
realworld-backend/common/utils.go:80.50,83.2 2 1
realworld-backend/articles/models.go:54.70,56.23 2 1
realworld-backend/articles/models.go:56.23,58.3 1 1
realworld-backend/articles/models.go:59.2,64.25 4 1
realworld-backend/articles/models.go:67.51,74.2 4 1
realworld-backend/articles/models.go:76.70,84.2 4 1
realworld-backend/articles/models.go:86.69,94.2 4 1
realworld-backend/articles/models.go:96.71,103.2 3 1
realworld-backend/articles/models.go:105.38,109.2 3 1
realworld-backend/articles/models.go:111.66,121.2 9 1
realworld-backend/articles/models.go:123.47,127.34 4 1
realworld-backend/articles/models.go:127.34,130.3 2 1
realworld-backend/articles/models.go:131.2,132.12 2 1
realworld-backend/articles/models.go:135.39,140.2 4 1
realworld-backend/articles/models.go:142.97,148.16 5 1
realworld-backend/articles/models.go:148.16,150.3 1 1
realworld-backend/articles/models.go:152.2,153.16 2 1
realworld-backend/articles/models.go:153.16,155.3 1 1
realworld-backend/articles/models.go:157.2,158.15 2 1
realworld-backend/articles/models.go:158.15,161.23 3 0
realworld-backend/articles/models.go:161.23,164.4 2 0
realworld-backend/articles/models.go:165.8,165.25 1 1
realworld-backend/articles/models.go:165.25,170.31 4 0
realworld-backend/articles/models.go:170.31,173.4 2 0
realworld-backend/articles/models.go:174.8,174.28 1 1
realworld-backend/articles/models.go:174.28,178.31 4 0
realworld-backend/articles/models.go:178.31,185.44 4 0
realworld-backend/articles/models.go:185.44,189.5 3 0
realworld-backend/articles/models.go:191.8,194.3 2 1
realworld-backend/articles/models.go:196.2,196.27 1 1
realworld-backend/articles/models.go:196.27,200.3 3 1
realworld-backend/articles/models.go:201.2,202.27 2 1
realworld-backend/articles/models.go:205.97,211.16 5 1
realworld-backend/articles/models.go:211.16,213.3 1 0
realworld-backend/articles/models.go:214.2,215.16 2 1
realworld-backend/articles/models.go:215.16,217.3 1 0
realworld-backend/articles/models.go:219.2,222.39 4 1
realworld-backend/articles/models.go:222.39,225.3 2 0
realworld-backend/articles/models.go:227.2,229.27 2 1
realworld-backend/articles/models.go:229.27,233.3 3 0
realworld-backend/articles/models.go:234.2,235.27 2 1
realworld-backend/articles/models.go:238.57,241.27 3 1
realworld-backend/articles/models.go:241.27,244.17 3 1
realworld-backend/articles/models.go:244.17,246.4 1 0
realworld-backend/articles/models.go:247.3,247.38 1 1
realworld-backend/articles/models.go:249.2,250.12 2 1
realworld-backend/articles/models.go:253.59,257.2 3 1
realworld-backend/articles/models.go:259.54,263.2 3 1
realworld-backend/articles/models.go:265.54,269.2 3 1
realworld-backend/articles/routers.go:12.48,20.2 7 1
realworld-backend/articles/routers.go:22.57,26.2 3 1
realworld-backend/articles/routers.go:28.53,30.2 1 0
realworld-backend/articles/routers.go:32.36,34.54 2 1
realworld-backend/articles/routers.go:34.54,37.3 2 0
realworld-backend/articles/routers.go:40.2,40.69 1 1
realworld-backend/articles/routers.go:40.69,43.3 2 0
realworld-backend/articles/routers.go:44.2,45.69 2 1
realworld-backend/articles/routers.go:48.34,56.16 7 1
realworld-backend/articles/routers.go:56.16,59.3 2 0
realworld-backend/articles/routers.go:60.2,61.94 2 1
realworld-backend/articles/routers.go:64.34,68.25 4 0
realworld-backend/articles/routers.go:68.25,71.3 2 0
realworld-backend/articles/routers.go:72.2,74.16 3 0
realworld-backend/articles/routers.go:74.16,77.3 2 0
realworld-backend/articles/routers.go:78.2,79.94 2 0
realworld-backend/articles/routers.go:82.38,84.20 2 1
realworld-backend/articles/routers.go:84.20,87.3 2 0
realworld-backend/articles/routers.go:88.2,89.16 2 1
realworld-backend/articles/routers.go:89.16,92.3 2 0
realworld-backend/articles/routers.go:93.2,94.64 2 1
realworld-backend/articles/routers.go:97.36,100.16 3 1
realworld-backend/articles/routers.go:100.16,103.3 2 0
realworld-backend/articles/routers.go:104.2,105.54 2 1
realworld-backend/articles/routers.go:105.54,108.3 2 0
realworld-backend/articles/routers.go:110.2,111.80 2 1
realworld-backend/articles/routers.go:111.80,114.3 2 0
realworld-backend/articles/routers.go:115.2,116.64 2 1
realworld-backend/articles/routers.go:119.36,122.16 3 0
realworld-backend/articles/routers.go:122.16,125.3 2 0
realworld-backend/articles/routers.go:126.2,126.59 1 0
realworld-backend/articles/routers.go:129.38,132.16 3 1
realworld-backend/articles/routers.go:132.16,135.3 2 0
realworld-backend/articles/routers.go:136.2,139.64 4 1
realworld-backend/articles/routers.go:142.40,145.16 3 1
realworld-backend/articles/routers.go:145.16,148.3 2 0
realworld-backend/articles/routers.go:149.2,152.64 4 1
realworld-backend/articles/routers.go:155.43,158.16 3 1
realworld-backend/articles/routers.go:158.16,161.3 2 0
realworld-backend/articles/routers.go:162.2,163.54 2 1
realworld-backend/articles/routers.go:163.54,166.3 2 0
realworld-backend/articles/routers.go:167.2,169.69 2 1
realworld-backend/articles/routers.go:169.69,172.3 2 0
realworld-backend/articles/routers.go:173.2,174.69 2 1
realworld-backend/articles/routers.go:177.43,180.16 3 1
realworld-backend/articles/routers.go:180.16,183.3 2 0
realworld-backend/articles/routers.go:184.2,185.16 2 1
realworld-backend/articles/routers.go:185.16,188.3 2 0
realworld-backend/articles/routers.go:189.2,189.59 1 1
realworld-backend/articles/routers.go:192.41,195.16 3 1
realworld-backend/articles/routers.go:195.16,198.3 2 0
realworld-backend/articles/routers.go:199.2,200.16 2 1
realworld-backend/articles/routers.go:200.16,203.3 2 0
realworld-backend/articles/routers.go:204.2,205.65 2 1
realworld-backend/articles/routers.go:207.30,209.16 2 1
realworld-backend/articles/routers.go:209.16,212.3 2 0
realworld-backend/articles/routers.go:213.2,214.61 2 1
realworld-backend/articles/serializers.go:19.43,21.2 1 1
realworld-backend/articles/serializers.go:23.46,25.29 2 1
realworld-backend/articles/serializers.go:25.29,28.3 2 1
realworld-backend/articles/serializers.go:29.2,29.17 1 1
realworld-backend/articles/serializers.go:37.66,40.2 2 1
realworld-backend/articles/serializers.go:66.56,83.29 5 1
realworld-backend/articles/serializers.go:83.29,86.3 2 1
realworld-backend/articles/serializers.go:87.2,87.17 1 1
realworld-backend/articles/serializers.go:90.59,92.37 2 1
realworld-backend/articles/serializers.go:92.37,95.3 2 1
realworld-backend/articles/serializers.go:96.2,96.17 1 1
realworld-backend/articles/serializers.go:117.56,127.2 3 1
realworld-backend/articles/serializers.go:129.59,131.37 2 1
realworld-backend/articles/serializers.go:131.37,134.3 2 1
realworld-backend/articles/serializers.go:135.2,135.17 1 1
realworld-backend/articles/validators.go:20.55,22.2 1 1
realworld-backend/articles/validators.go:24.88,29.45 5 1
realworld-backend/articles/validators.go:29.45,31.3 1 0
realworld-backend/articles/validators.go:32.2,32.30 1 1
realworld-backend/articles/validators.go:35.60,39.16 3 1
realworld-backend/articles/validators.go:39.16,41.3 1 0
realworld-backend/articles/validators.go:42.2,48.12 7 1
realworld-backend/articles/validators.go:58.55,60.2 1 1
realworld-backend/articles/validators.go:62.60,66.16 3 1
realworld-backend/articles/validators.go:66.16,68.3 1 0
realworld-backend/articles/validators.go:69.2,71.12 3 1
